::1 - - [12/Mar/2025:05:41:01 +0000] "GET /api/entities/get-review-bucket/67ca6615911edc3c736154f2" 400  
 Error: No error details ms 
 

::1 - - [12/Mar/2025:05:41:01 +0000] "GET /api/entities/get-review-bucket/67ca6615911edc3c736154f2" 400  
 Error: No error details ms 
 

::1 - - [12/Mar/2025:05:41:23 +0000] "GET /api/entities/get-meta-pages/EAAQmQWD1olYBO4ZCKUywiI5xjK1liNc3exZBi5cr9QUmWd2IdnSlgpFuyH3lZBu20oGKRz1Hs6DJtfKuaZAudSE7zntnUtvoIvVlGVnnuUi5zZCIgQrGnEZBBOHynktpmNbYCl56SEZC7TTfeNEy3x7ppVDCBAhottLBi9Ee0ZBZAp4WUmX0yUNmtXJgC" 400  
 Error: No error details ms 
 

::1 - - [12/Mar/2025:05:41:38 +0000] "GET /api/entities/get-meta-pages/EAAQmQWD1olYBO4ZCKUywiI5xjK1liNc3exZBi5cr9QUmWd2IdnSlgpFuyH3lZBu20oGKRz1Hs6DJtfKuaZAudSE7zntnUtvoIvVlGVnnuUi5zZCIgQrGnEZBBOHynktpmNbYCl56SEZC7TTfeNEy3x7ppVDCBAhottLBi9Ee0ZBZAp4WUmX0yUNmtXJgC" 400  
 Error: No error details ms 
 

::1 - - [12/Mar/2025:05:41:39 +0000] "GET /api/entities/get-meta-pages/EAAQmQWD1olYBO4ZCKUywiI5xjK1liNc3exZBi5cr9QUmWd2IdnSlgpFuyH3lZBu20oGKRz1Hs6DJtfKuaZAudSE7zntnUtvoIvVlGVnnuUi5zZCIgQrGnEZBBOHynktpmNbYCl56SEZC7TTfeNEy3x7ppVDCBAhottLBi9Ee0ZBZAp4WUmX0yUNmtXJgC" 400  
 Error: No error details ms 
 

::1 - - [12/Mar/2025:05:42:57 +0000] "GET /api/entities/get-meta-pages/EAAQmQWD1olYBO4ZCKUywiI5xjK1liNc3exZBi5cr9QUmWd2IdnSlgpFuyH3lZBu20oGKRz1Hs6DJtfKuaZAudSE7zntnUtvoIvVlGVnnuUi5zZCIgQrGnEZBBOHynktpmNbYCl56SEZC7TTfeNEy3x7ppVDCBAhottLBi9Ee0ZBZAp4WUmX0yUNmtXJgC" 400  
 Error: No error details ms 
 

::1 - - [12/Mar/2025:05:42:58 +0000] "GET /api/entities/get-meta-pages/EAAQmQWD1olYBO4ZCKUywiI5xjK1liNc3exZBi5cr9QUmWd2IdnSlgpFuyH3lZBu20oGKRz1Hs6DJtfKuaZAudSE7zntnUtvoIvVlGVnnuUi5zZCIgQrGnEZBBOHynktpmNbYCl56SEZC7TTfeNEy3x7ppVDCBAhottLBi9Ee0ZBZAp4WUmX0yUNmtXJgC" 400  
 Error: No error details ms 
 

::1 - - [12/Mar/2025:05:43:40 +0000] "GET /api/entities/get-meta-pages/EAAQmQWD1olYBO4ZCKUywiI5xjK1liNc3exZBi5cr9QUmWd2IdnSlgpFuyH3lZBu20oGKRz1Hs6DJtfKuaZAudSE7zntnUtvoIvVlGVnnuUi5zZCIgQrGnEZBBOHynktpmNbYCl56SEZC7TTfeNEy3x7ppVDCBAhottLBi9Ee0ZBZAp4WUmX0yUNmtXJgC" 400  
 Error: No error details ms 
 

::1 - - [12/Mar/2025:05:43:42 +0000] "GET /api/entities/get-meta-pages/EAAQmQWD1olYBO4ZCKUywiI5xjK1liNc3exZBi5cr9QUmWd2IdnSlgpFuyH3lZBu20oGKRz1Hs6DJtfKuaZAudSE7zntnUtvoIvVlGVnnuUi5zZCIgQrGnEZBBOHynktpmNbYCl56SEZC7TTfeNEy3x7ppVDCBAhottLBi9Ee0ZBZAp4WUmX0yUNmtXJgC" 400  
 Error: No error details ms 
 

::1 - - [12/Mar/2025:05:44:26 +0000] "GET /api/entities/get-review-bucket/67ca6615911edc3c736154f2" 400  
 Error: No error details ms 
 

::1 - - [12/Mar/2025:05:44:34 +0000] "GET /api/entities/get-review-bucket/67ca6615911edc3c736154f2" 400  
 Error: No error details ms 
 

::1 - - [12/Mar/2025:05:44:35 +0000] "GET /api/entities/get-review-bucket/67ca6615911edc3c736154f2" 400  
 Error: No error details ms 
 

::1 - - [12/Mar/2025:05:45:42 +0000] "GET /api/entities/get-review-bucket/67ca6615911edc3c736154f2" 400  
 Error: No error details ms 
 

::1 - - [12/Mar/2025:05:45:42 +0000] "GET /api/entities/get-review-bucket/67ca6615911edc3c736154f2" 400  
 Error: No error details ms 
 

::1 - - [12/Mar/2025:05:48:53 +0000] "GET /api/entities/projects/1" 400  
 Error: No error details ms 
 

::1 - - [12/Mar/2025:05:48:55 +0000] "GET /api/entities/projects/1" 400  
 Error: No error details ms 
 

::1 - - [12/Mar/2025:05:48:57 +0000] "GET /api/entities/projects/1" 400  
 Error: No error details ms 
 

::1 - - [12/Mar/2025:05:49:01 +0000] "GET /api/entities/projects/1" 400  
 Error: No error details ms 
 

::1 - - [12/Mar/2025:06:05:44 +0000] "GET /api/entities/projects/1" 400  
 Error: No error details ms 
 

::1 - - [12/Mar/2025:06:05:45 +0000] "GET /api/entities/projects/1" 400  
 Error: No error details ms 
 

::1 - - [12/Mar/2025:06:05:47 +0000] "GET /api/entities/projects/1" 400  
 Error: No error details ms 
 

::1 - - [12/Mar/2025:06:05:51 +0000] "GET /api/entities/projects/1" 400  
 Error: No error details ms 
 

::1 - - [12/Mar/2025:06:07:25 +0000] "GET /api/entities/projects/1" 400  
 Error: No error details ms 
 

::1 - - [12/Mar/2025:06:07:26 +0000] "GET /api/entities/projects/1" 400  
 Error: No error details ms 
 

::1 - - [12/Mar/2025:06:07:28 +0000] "GET /api/entities/projects/1" 400  
 Error: No error details ms 
 

::1 - - [12/Mar/2025:06:07:29 +0000] "GET /api/entities/projects/1" 400  
 Error: No error details ms 
 

::1 - - [12/Mar/2025:06:07:31 +0000] "GET /api/entities/projects/1" 400  
 Error: No error details ms 
 

::1 - - [12/Mar/2025:06:07:37 +0000] "GET /api/entities/projects/1" 400  
 Error: No error details ms 
 

::1 - - [12/Mar/2025:06:07:38 +0000] "GET /api/entities/projects/1" 400  
 Error: No error details ms 
 

::1 - - [12/Mar/2025:06:07:40 +0000] "GET /api/entities/projects/1" 400  
 Error: No error details ms 
 

::1 - - [12/Mar/2025:06:07:44 +0000] "GET /api/entities/projects/1" 400  
 Error: No error details ms 
 

::1 - - [12/Mar/2025:06:08:40 +0000] "GET /api/entities/projects/1" 400  
 Error: No error details ms 
 

::1 - - [12/Mar/2025:06:08:41 +0000] "GET /api/entities/projects/1" 400  
 Error: No error details ms 
 

::1 - - [12/Mar/2025:06:08:43 +0000] "GET /api/entities/projects/1" 400  
 Error: No error details ms 
 

::1 - - [12/Mar/2025:06:08:47 +0000] "GET /api/entities/projects/1" 400  
 Error: No error details ms 
 

::1 - - [12/Mar/2025:06:09:30 +0000] "GET /api/entities/projects/1" 400  
 Error: No error details ms 
 

::1 - - [12/Mar/2025:06:09:31 +0000] "GET /api/entities/projects/1" 400  
 Error: No error details ms 
 

::1 - - [12/Mar/2025:06:09:33 +0000] "GET /api/entities/projects/1" 400  
 Error: No error details ms 
 

::1 - - [12/Mar/2025:06:09:37 +0000] "GET /api/entities/projects/1" 400  
 Error: No error details ms 
 

::1 - - [12/Mar/2025:06:13:47 +0000] "GET /api/entities/projects/1" 400  
 Error: No error details ms 
 

::1 - - [12/Mar/2025:06:13:48 +0000] "GET /api/entities/projects/1" 400  
 Error: No error details ms 
 

::1 - - [12/Mar/2025:06:13:50 +0000] "GET /api/entities/projects/1" 400  
 Error: No error details ms 
 

::1 - - [12/Mar/2025:06:13:54 +0000] "GET /api/entities/projects/1" 400  
 Error: No error details ms 
 

::1 - - [12/Mar/2025:07:48:07 +0000] "GET /api/agency/" 500  
 Error: {"message":"Cannot set properties of undefined (setting 'role')","stack":"TypeError: Cannot set properties of undefined (setting 'role')\n    at /home/jasir/Dibolky/backend/src/middlewares/token.middleware.ts:77:26\n    at Generator.next (<anonymous>)\n    at fulfilled (/home/jasir/Dibolky/backend/src/middlewares/token.middleware.ts:5:58)\n    at processTicksAndRejections (node:internal/process/task_queues:105:5)","timestamp":"2025-03-12T07:48:07.765Z"} ms 
 

::1 - - [12/Mar/2025:07:48:07 +0000] "GET /api/agency/" 500  
 Error: {"message":"Cannot set properties of undefined (setting 'role')","stack":"TypeError: Cannot set properties of undefined (setting 'role')\n    at /home/jasir/Dibolky/backend/src/middlewares/token.middleware.ts:77:26\n    at Generator.next (<anonymous>)\n    at fulfilled (/home/jasir/Dibolky/backend/src/middlewares/token.middleware.ts:5:58)\n    at processTicksAndRejections (node:internal/process/task_queues:105:5)","timestamp":"2025-03-12T07:48:07.799Z"} ms 
 

::1 - - [12/Mar/2025:07:48:13 +0000] "GET /api/agency/" 500  
 Error: {"message":"Cannot set properties of undefined (setting 'role')","stack":"TypeError: Cannot set properties of undefined (setting 'role')\n    at /home/jasir/Dibolky/backend/src/middlewares/token.middleware.ts:77:26\n    at Generator.next (<anonymous>)\n    at fulfilled (/home/jasir/Dibolky/backend/src/middlewares/token.middleware.ts:5:58)\n    at processTicksAndRejections (node:internal/process/task_queues:105:5)","timestamp":"2025-03-12T07:48:13.852Z"} ms 
 

::1 - - [12/Mar/2025:07:48:13 +0000] "GET /api/agency/" 500  
 Error: {"message":"Cannot set properties of undefined (setting 'role')","stack":"TypeError: Cannot set properties of undefined (setting 'role')\n    at /home/jasir/Dibolky/backend/src/middlewares/token.middleware.ts:77:26\n    at Generator.next (<anonymous>)\n    at fulfilled (/home/jasir/Dibolky/backend/src/middlewares/token.middleware.ts:5:58)\n    at processTicksAndRejections (node:internal/process/task_queues:105:5)","timestamp":"2025-03-12T07:48:13.888Z"} ms 
 

::1 - - [12/Mar/2025:07:48:20 +0000] "GET /api/agency/owner-details" 500  
 Error: {"message":"read ECONNRESET","stack":"Error: read ECONNRESET\n    at TLSWrap.onStreamRead (node:internal/stream_base_commons:216:20)","timestamp":"2025-03-12T07:48:20.941Z"} ms 
 

::1 - - [12/Mar/2025:07:48:21 +0000] "GET /api/agency/owner-details" 500  
 Error: {"message":"read ECONNRESET","stack":"Error: read ECONNRESET\n    at TLSWrap.onStreamRead (node:internal/stream_base_commons:216:20)","timestamp":"2025-03-12T07:48:21.076Z"} ms 
 

::1 - - [12/Mar/2025:07:48:25 +0000] "GET /api/agency/owner-details" 500  
 Error: {"message":"read ECONNRESET","stack":"Error: read ECONNRESET\n    at TLSWrap.onStreamRead (node:internal/stream_base_commons:216:20)","timestamp":"2025-03-12T07:48:25.351Z"} ms 
 

::1 - - [12/Mar/2025:07:48:25 +0000] "GET /api/agency/owner-details" 500  
 Error: {"message":"read ECONNRESET","stack":"Error: read ECONNRESET\n    at TLSWrap.onStreamRead (node:internal/stream_base_commons:216:20)","timestamp":"2025-03-12T07:48:25.536Z"} ms 
 

::1 - - [12/Mar/2025:12:17:21 +0000] "GET /api/agency/" 500  
 Error: {"message":"Cannot set properties of undefined (setting 'role')","stack":"TypeError: Cannot set properties of undefined (setting 'role')\n    at /home/jasir/Dibolky/backend/src/middlewares/token.middleware.ts:77:26\n    at Generator.next (<anonymous>)\n    at fulfilled (/home/jasir/Dibolky/backend/src/middlewares/token.middleware.ts:5:58)\n    at processTicksAndRejections (node:internal/process/task_queues:105:5)","timestamp":"2025-03-12T12:17:21.890Z"} ms 
 

::1 - - [12/Mar/2025:12:17:21 +0000] "GET /api/agency/" 500  
 Error: {"message":"Cannot set properties of undefined (setting 'role')","stack":"TypeError: Cannot set properties of undefined (setting 'role')\n    at /home/jasir/Dibolky/backend/src/middlewares/token.middleware.ts:77:26\n    at Generator.next (<anonymous>)\n    at fulfilled (/home/jasir/Dibolky/backend/src/middlewares/token.middleware.ts:5:58)\n    at processTicksAndRejections (node:internal/process/task_queues:105:5)","timestamp":"2025-03-12T12:17:21.925Z"} ms 
 

::1 - - [12/Mar/2025:12:26:12 +0000] "GET /api/client/" 404  
 Error: {"message":"Account Not found","stack":"Error: Account Not found\n    at ClientController.<anonymous> (/home/jasir/Dibolky/backend/src/controllers/Implementation/client.controller.ts:25:33)\n    at Generator.next (<anonymous>)\n    at fulfilled (/home/jasir/Dibolky/backend/src/controllers/Implementation/client.controller.ts:17:58)\n    at processTicksAndRejections (node:internal/process/task_queues:105:5)","timestamp":"2025-03-12T12:26:12.239Z"} ms 
 

::1 - - [12/Mar/2025:12:26:12 +0000] "GET /api/client/" 404  
 Error: {"message":"Account Not found","stack":"Error: Account Not found\n    at ClientController.<anonymous> (/home/jasir/Dibolky/backend/src/controllers/Implementation/client.controller.ts:25:33)\n    at Generator.next (<anonymous>)\n    at fulfilled (/home/jasir/Dibolky/backend/src/controllers/Implementation/client.controller.ts:17:58)\n    at processTicksAndRejections (node:internal/process/task_queues:105:5)","timestamp":"2025-03-12T12:26:12.335Z"} ms 
 

::1 - - [12/Mar/2025:12:26:17 +0000] "POST /api/auth/login" 401  
 Error: {"message":"Invalid credentials","stack":"Error: Invalid credentials\n    at ClientService.<anonymous> (/home/jasir/Dibolky/backend/src/services/Implementation/client.service.ts:41:25)\n    at Generator.next (<anonymous>)\n    at fulfilled (/home/jasir/Dibolky/backend/src/services/Implementation/client.service.ts:17:58)","timestamp":"2025-03-12T12:26:17.428Z"} ms 
 

::1 - - [12/Mar/2025:12:26:23 +0000] "POST /api/auth/forgot-password" 404  
 Error: {"message":"Account not found","stack":"Error: Account not found\n    at AuthenticationService.<anonymous> (/home/jasir/Dibolky/backend/src/services/Implementation/authentication.service.ts:37:29)\n    at Generator.next (<anonymous>)\n    at /home/jasir/Dibolky/backend/src/services/Implementation/authentication.service.ts:20:71\n    at new Promise (<anonymous>)\n    at __awaiter (/home/jasir/Dibolky/backend/src/services/Implementation/authentication.service.ts:16:12)\n    at AuthenticationService.resetPassword (/home/jasir/Dibolky/backend/src/services/Implementation/authentication.service.ts:34:16)\n    at AuthenticationController.<anonymous> (/home/jasir/Dibolky/backend/src/controllers/Implementation/authentication.controller.ts:131:46)\n    at Generator.next (<anonymous>)\n    at /home/jasir/Dibolky/backend/src/controllers/Implementation/authentication.controller.ts:20:71\n    at new Promise (<anonymous>)","timestamp":"2025-03-12T12:26:23.022Z"} ms 
 

::1 - - [12/Mar/2025:12:26:24 +0000] "POST /api/auth/forgot-password" 404  
 Error: {"message":"Account not found","stack":"Error: Account not found\n    at AuthenticationService.<anonymous> (/home/jasir/Dibolky/backend/src/services/Implementation/authentication.service.ts:37:29)\n    at Generator.next (<anonymous>)\n    at /home/jasir/Dibolky/backend/src/services/Implementation/authentication.service.ts:20:71\n    at new Promise (<anonymous>)\n    at __awaiter (/home/jasir/Dibolky/backend/src/services/Implementation/authentication.service.ts:16:12)\n    at AuthenticationService.resetPassword (/home/jasir/Dibolky/backend/src/services/Implementation/authentication.service.ts:34:16)\n    at AuthenticationController.<anonymous> (/home/jasir/Dibolky/backend/src/controllers/Implementation/authentication.controller.ts:131:46)\n    at Generator.next (<anonymous>)\n    at /home/jasir/Dibolky/backend/src/controllers/Implementation/authentication.controller.ts:20:71\n    at new Promise (<anonymous>)","timestamp":"2025-03-12T12:26:24.154Z"} ms 
 

::1 - - [12/Mar/2025:12:28:42 +0000] "POST /api/auth/forgot-password" 404  
 Error: {"message":"Account not found","stack":"Error: Account not found\n    at AuthenticationService.<anonymous> (/home/jasir/Dibolky/backend/src/services/Implementation/authentication.service.ts:37:29)\n    at Generator.next (<anonymous>)\n    at /home/jasir/Dibolky/backend/src/services/Implementation/authentication.service.ts:20:71\n    at new Promise (<anonymous>)\n    at __awaiter (/home/jasir/Dibolky/backend/src/services/Implementation/authentication.service.ts:16:12)\n    at AuthenticationService.resetPassword (/home/jasir/Dibolky/backend/src/services/Implementation/authentication.service.ts:34:16)\n    at AuthenticationController.<anonymous> (/home/jasir/Dibolky/backend/src/controllers/Implementation/authentication.controller.ts:132:46)\n    at Generator.next (<anonymous>)\n    at /home/jasir/Dibolky/backend/src/controllers/Implementation/authentication.controller.ts:20:71\n    at new Promise (<anonymous>)","timestamp":"2025-03-12T12:28:42.825Z"} ms 
 

::1 - - [12/Mar/2025:12:30:17 +0000] "GET /api/agency/" 401  
 Error: {"message":"Access Denied","stack":"Error: Access Denied\n    at /home/jasir/Dibolky/backend/src/middlewares/token.middleware.ts:41:44\n    at Generator.next (<anonymous>)\n    at /home/jasir/Dibolky/backend/src/middlewares/token.middleware.ts:8:71\n    at new Promise (<anonymous>)\n    at __awaiter (/home/jasir/Dibolky/backend/src/middlewares/token.middleware.ts:4:12)\n    at TokenMiddleWare (/home/jasir/Dibolky/backend/src/middlewares/token.middleware.ts:34:20)\n    at Layer.handle [as handle_request] (/home/jasir/Dibolky/backend/node_modules/express/lib/router/layer.js:95:5)\n    at trim_prefix (/home/jasir/Dibolky/backend/node_modules/express/lib/router/index.js:328:13)\n    at /home/jasir/Dibolky/backend/node_modules/express/lib/router/index.js:286:9\n    at Function.process_params (/home/jasir/Dibolky/backend/node_modules/express/lib/router/index.js:346:12)","timestamp":"2025-03-12T12:30:17.738Z"} ms 
 

::1 - - [12/Mar/2025:12:30:17 +0000] "GET /api/agency/" 401  
 Error: {"message":"Access Denied","stack":"Error: Access Denied\n    at /home/jasir/Dibolky/backend/src/middlewares/token.middleware.ts:41:44\n    at Generator.next (<anonymous>)\n    at /home/jasir/Dibolky/backend/src/middlewares/token.middleware.ts:8:71\n    at new Promise (<anonymous>)\n    at __awaiter (/home/jasir/Dibolky/backend/src/middlewares/token.middleware.ts:4:12)\n    at TokenMiddleWare (/home/jasir/Dibolky/backend/src/middlewares/token.middleware.ts:34:20)\n    at Layer.handle [as handle_request] (/home/jasir/Dibolky/backend/node_modules/express/lib/router/layer.js:95:5)\n    at trim_prefix (/home/jasir/Dibolky/backend/node_modules/express/lib/router/index.js:328:13)\n    at /home/jasir/Dibolky/backend/node_modules/express/lib/router/index.js:286:9\n    at Function.process_params (/home/jasir/Dibolky/backend/node_modules/express/lib/router/index.js:346:12)","timestamp":"2025-03-12T12:30:17.751Z"} ms 
 

::1 - - [12/Mar/2025:12:31:31 +0000] "GET /api/client/" 401  
 Error: {"message":"Access Denied","stack":"Error: Access Denied\n    at /home/jasir/Dibolky/backend/src/middlewares/token.middleware.ts:41:44\n    at Generator.next (<anonymous>)\n    at /home/jasir/Dibolky/backend/src/middlewares/token.middleware.ts:8:71\n    at new Promise (<anonymous>)\n    at __awaiter (/home/jasir/Dibolky/backend/src/middlewares/token.middleware.ts:4:12)\n    at TokenMiddleWare (/home/jasir/Dibolky/backend/src/middlewares/token.middleware.ts:34:20)\n    at Layer.handle [as handle_request] (/home/jasir/Dibolky/backend/node_modules/express/lib/router/layer.js:95:5)\n    at trim_prefix (/home/jasir/Dibolky/backend/node_modules/express/lib/router/index.js:328:13)\n    at /home/jasir/Dibolky/backend/node_modules/express/lib/router/index.js:286:9\n    at Function.process_params (/home/jasir/Dibolky/backend/node_modules/express/lib/router/index.js:346:12)","timestamp":"2025-03-12T12:31:31.534Z"} ms 
 

::1 - - [12/Mar/2025:12:31:31 +0000] "GET /api/client/" 401  
 Error: {"message":"Access Denied","stack":"Error: Access Denied\n    at /home/jasir/Dibolky/backend/src/middlewares/token.middleware.ts:41:44\n    at Generator.next (<anonymous>)\n    at /home/jasir/Dibolky/backend/src/middlewares/token.middleware.ts:8:71\n    at new Promise (<anonymous>)\n    at __awaiter (/home/jasir/Dibolky/backend/src/middlewares/token.middleware.ts:4:12)\n    at TokenMiddleWare (/home/jasir/Dibolky/backend/src/middlewares/token.middleware.ts:34:20)\n    at Layer.handle [as handle_request] (/home/jasir/Dibolky/backend/node_modules/express/lib/router/layer.js:95:5)\n    at trim_prefix (/home/jasir/Dibolky/backend/node_modules/express/lib/router/index.js:328:13)\n    at /home/jasir/Dibolky/backend/node_modules/express/lib/router/index.js:286:9\n    at Function.process_params (/home/jasir/Dibolky/backend/node_modules/express/lib/router/index.js:346:12)","timestamp":"2025-03-12T12:31:31.550Z"} ms 
 

::1 - - [12/Mar/2025:13:43:29 +0000] "GET /api/agency/" 500  
 Error: {"message":"Cannot set properties of undefined (setting 'role')","stack":"TypeError: Cannot set properties of undefined (setting 'role')\n    at /home/jasir/Dibolky/backend/src/middlewares/token.middleware.ts:77:26\n    at Generator.next (<anonymous>)\n    at fulfilled (/home/jasir/Dibolky/backend/src/middlewares/token.middleware.ts:5:58)\n    at processTicksAndRejections (node:internal/process/task_queues:105:5)","timestamp":"2025-03-12T13:43:29.689Z"} ms 
 

::1 - - [12/Mar/2025:13:43:29 +0000] "GET /api/agency/" 500  
 Error: {"message":"Cannot set properties of undefined (setting 'role')","stack":"TypeError: Cannot set properties of undefined (setting 'role')\n    at /home/jasir/Dibolky/backend/src/middlewares/token.middleware.ts:77:26\n    at Generator.next (<anonymous>)\n    at fulfilled (/home/jasir/Dibolky/backend/src/middlewares/token.middleware.ts:5:58)\n    at processTicksAndRejections (node:internal/process/task_queues:105:5)","timestamp":"2025-03-12T13:43:29.718Z"} ms 
 

::1 - - [12/Mar/2025:13:43:29 +0000] "GET /api/agency/" 500  
 Error: {"message":"Cannot set properties of undefined (setting 'role')","stack":"TypeError: Cannot set properties of undefined (setting 'role')\n    at /home/jasir/Dibolky/backend/src/middlewares/token.middleware.ts:77:26\n    at Generator.next (<anonymous>)\n    at fulfilled (/home/jasir/Dibolky/backend/src/middlewares/token.middleware.ts:5:58)\n    at processTicksAndRejections (node:internal/process/task_queues:105:5)","timestamp":"2025-03-12T13:43:29.761Z"} ms 
 

::1 - - [12/Mar/2025:13:43:29 +0000] "GET /api/agency/" 500  
 Error: {"message":"Cannot set properties of undefined (setting 'role')","stack":"TypeError: Cannot set properties of undefined (setting 'role')\n    at /home/jasir/Dibolky/backend/src/middlewares/token.middleware.ts:77:26\n    at Generator.next (<anonymous>)\n    at fulfilled (/home/jasir/Dibolky/backend/src/middlewares/token.middleware.ts:5:58)\n    at processTicksAndRejections (node:internal/process/task_queues:105:5)","timestamp":"2025-03-12T13:43:29.802Z"} ms 
 

::1 - - [12/Mar/2025:19:41:00 +0000] "GET /api/get-connections/67ca6615911edc3c736154f2" 404  
 Error: No error details ms 
 

::1 - - [12/Mar/2025:19:41:02 +0000] "GET /api/get-connections/67ca6615911edc3c736154f2" 404  
 Error: No error details ms 
 

::1 - - [12/Mar/2025:19:41:04 +0000] "GET /api/get-connections/67ca6615911edc3c736154f2" 404  
 Error: No error details ms 
 

::1 - - [12/Mar/2025:19:41:08 +0000] "GET /api/get-connections/67ca6615911edc3c736154f2" 404  
 Error: No error details ms 
 

::1 - - [12/Mar/2025:19:41:23 +0000] "GET /api/get-connections/67ca6615911edc3c736154f2" 404  
 Error: No error details ms 
 

::1 - - [12/Mar/2025:19:41:24 +0000] "GET /api/get-connections/67ca6615911edc3c736154f2" 404  
 Error: No error details ms 
 

::1 - - [12/Mar/2025:19:41:26 +0000] "GET /api/get-connections/67ca6615911edc3c736154f2" 404  
 Error: No error details ms 
 

::1 - - [12/Mar/2025:19:41:30 +0000] "GET /api/get-connections/67ca6615911edc3c736154f2" 404  
 Error: No error details ms 
 

::1 - - [12/Mar/2025:19:42:10 +0000] "GET /api/get-connections/67ca6615911edc3c736154f2" 404  
 Error: No error details ms 
 

::1 - - [12/Mar/2025:19:42:11 +0000] "GET /api/get-connections/67ca6615911edc3c736154f2" 404  
 Error: No error details ms 
 

::1 - - [12/Mar/2025:19:42:13 +0000] "GET /api/get-connections/67ca6615911edc3c736154f2" 404  
 Error: No error details ms 
 

::1 - - [12/Mar/2025:19:42:17 +0000] "GET /api/get-connections/67ca6615911edc3c736154f2" 404  
 Error: No error details ms 
 

::1 - - [12/Mar/2025:19:42:20 +0000] "GET /api/get-connections/67ca6615911edc3c736154f2" 404  
 Error: No error details ms 
 

::1 - - [12/Mar/2025:19:42:21 +0000] "GET /api/entities/get-connections/67ca6615911edc3c736154f2" 500  
 Error: {"message":"Cannot read properties of null (reading 'socialMedia_credentials')","stack":"TypeError: Cannot read properties of null (reading 'socialMedia_credentials')\n    at EntityService.<anonymous> (/home/jasir/Dibolky/backend/src/services/Implementation/entity.service.ts:301:21)\n    at Generator.next (<anonymous>)\n    at fulfilled (/home/jasir/Dibolky/backend/src/services/Implementation/entity.service.ts:17:58)\n    at processTicksAndRejections (node:internal/process/task_queues:105:5)","timestamp":"2025-03-12T19:42:21.940Z"} ms 
 

::1 - - [12/Mar/2025:19:42:24 +0000] "GET /api/entities/get-connections/67ca6615911edc3c736154f2" 500  
 Error: {"message":"Cannot read properties of null (reading 'socialMedia_credentials')","stack":"TypeError: Cannot read properties of null (reading 'socialMedia_credentials')\n    at EntityService.<anonymous> (/home/jasir/Dibolky/backend/src/services/Implementation/entity.service.ts:301:21)\n    at Generator.next (<anonymous>)\n    at fulfilled (/home/jasir/Dibolky/backend/src/services/Implementation/entity.service.ts:17:58)\n    at processTicksAndRejections (node:internal/process/task_queues:105:5)","timestamp":"2025-03-12T19:42:24.092Z"} ms 
 

::1 - - [12/Mar/2025:19:42:28 +0000] "GET /api/entities/get-connections/67ca6615911edc3c736154f2" 500  
 Error: {"message":"Cannot read properties of null (reading 'socialMedia_credentials')","stack":"TypeError: Cannot read properties of null (reading 'socialMedia_credentials')\n    at EntityService.<anonymous> (/home/jasir/Dibolky/backend/src/services/Implementation/entity.service.ts:301:21)\n    at Generator.next (<anonymous>)\n    at fulfilled (/home/jasir/Dibolky/backend/src/services/Implementation/entity.service.ts:17:58)\n    at processTicksAndRejections (node:internal/process/task_queues:105:5)","timestamp":"2025-03-12T19:42:28.238Z"} ms 
 

::1 - - [12/Mar/2025:19:42:36 +0000] "GET /api/entities/get-connections/67ca6615911edc3c736154f2" 500  
 Error: {"message":"Cannot read properties of null (reading 'socialMedia_credentials')","stack":"TypeError: Cannot read properties of null (reading 'socialMedia_credentials')\n    at EntityService.<anonymous> (/home/jasir/Dibolky/backend/src/services/Implementation/entity.service.ts:301:21)\n    at Generator.next (<anonymous>)\n    at fulfilled (/home/jasir/Dibolky/backend/src/services/Implementation/entity.service.ts:17:58)\n    at processTicksAndRejections (node:internal/process/task_queues:105:5)","timestamp":"2025-03-12T19:42:36.620Z"} ms 
 

::1 - - [12/Mar/2025:19:42:38 +0000] "GET /api/entities/get-connections/67ca6615911edc3c736154f2" 500  
 Error: {"message":"Cannot read properties of null (reading 'socialMedia_credentials')","stack":"TypeError: Cannot read properties of null (reading 'socialMedia_credentials')\n    at EntityService.<anonymous> (/home/jasir/Dibolky/backend/src/services/Implementation/entity.service.ts:301:21)\n    at Generator.next (<anonymous>)\n    at fulfilled (/home/jasir/Dibolky/backend/src/services/Implementation/entity.service.ts:17:58)\n    at processTicksAndRejections (node:internal/process/task_queues:105:5)","timestamp":"2025-03-12T19:42:38.194Z"} ms 
 

::1 - - [12/Mar/2025:19:42:40 +0000] "GET /api/entities/get-connections/67ca6615911edc3c736154f2" 500  
 Error: {"message":"Cannot read properties of null (reading 'socialMedia_credentials')","stack":"TypeError: Cannot read properties of null (reading 'socialMedia_credentials')\n    at EntityService.<anonymous> (/home/jasir/Dibolky/backend/src/services/Implementation/entity.service.ts:301:21)\n    at Generator.next (<anonymous>)\n    at fulfilled (/home/jasir/Dibolky/backend/src/services/Implementation/entity.service.ts:17:58)\n    at processTicksAndRejections (node:internal/process/task_queues:105:5)","timestamp":"2025-03-12T19:42:40.351Z"} ms 
 

::1 - - [12/Mar/2025:19:42:44 +0000] "GET /api/entities/get-connections/67ca6615911edc3c736154f2" 500  
 Error: {"message":"Cannot read properties of null (reading 'socialMedia_credentials')","stack":"TypeError: Cannot read properties of null (reading 'socialMedia_credentials')\n    at EntityService.<anonymous> (/home/jasir/Dibolky/backend/src/services/Implementation/entity.service.ts:301:21)\n    at Generator.next (<anonymous>)\n    at fulfilled (/home/jasir/Dibolky/backend/src/services/Implementation/entity.service.ts:17:58)\n    at processTicksAndRejections (node:internal/process/task_queues:105:5)","timestamp":"2025-03-12T19:42:44.505Z"} ms 
 

::1 - - [12/Mar/2025:19:43:29 +0000] "GET /api/entities/get-connections/67ca6615911edc3c736154f2" 500  
 Error: {"message":"Cannot read properties of null (reading 'socialMedia_credentials')","stack":"TypeError: Cannot read properties of null (reading 'socialMedia_credentials')\n    at EntityService.<anonymous> (/home/jasir/Dibolky/backend/src/services/Implementation/entity.service.ts:301:21)\n    at Generator.next (<anonymous>)\n    at fulfilled (/home/jasir/Dibolky/backend/src/services/Implementation/entity.service.ts:17:58)\n    at processTicksAndRejections (node:internal/process/task_queues:105:5)","timestamp":"2025-03-12T19:43:29.364Z"} ms 
 

::1 - - [12/Mar/2025:19:43:30 +0000] "GET /api/entities/get-connections/67ca6615911edc3c736154f2" 500  
 Error: {"message":"Cannot read properties of null (reading 'socialMedia_credentials')","stack":"TypeError: Cannot read properties of null (reading 'socialMedia_credentials')\n    at EntityService.<anonymous> (/home/jasir/Dibolky/backend/src/services/Implementation/entity.service.ts:301:21)\n    at Generator.next (<anonymous>)\n    at fulfilled (/home/jasir/Dibolky/backend/src/services/Implementation/entity.service.ts:17:58)\n    at processTicksAndRejections (node:internal/process/task_queues:105:5)","timestamp":"2025-03-12T19:43:30.800Z"} ms 
 

::1 - - [12/Mar/2025:19:43:32 +0000] "GET /api/entities/get-connections/67ca6615911edc3c736154f2" 500  
 Error: {"message":"Cannot read properties of null (reading 'socialMedia_credentials')","stack":"TypeError: Cannot read properties of null (reading 'socialMedia_credentials')\n    at EntityService.<anonymous> (/home/jasir/Dibolky/backend/src/services/Implementation/entity.service.ts:301:21)\n    at Generator.next (<anonymous>)\n    at fulfilled (/home/jasir/Dibolky/backend/src/services/Implementation/entity.service.ts:17:58)\n    at processTicksAndRejections (node:internal/process/task_queues:105:5)","timestamp":"2025-03-12T19:43:32.945Z"} ms 
 

::1 - - [12/Mar/2025:19:43:37 +0000] "GET /api/entities/get-connections/67ca6615911edc3c736154f2" 500  
 Error: {"message":"Cannot read properties of null (reading 'socialMedia_credentials')","stack":"TypeError: Cannot read properties of null (reading 'socialMedia_credentials')\n    at EntityService.<anonymous> (/home/jasir/Dibolky/backend/src/services/Implementation/entity.service.ts:301:21)\n    at Generator.next (<anonymous>)\n    at fulfilled (/home/jasir/Dibolky/backend/src/services/Implementation/entity.service.ts:17:58)\n    at processTicksAndRejections (node:internal/process/task_queues:105:5)","timestamp":"2025-03-12T19:43:37.089Z"} ms 
 

::1 - - [12/Mar/2025:19:45:03 +0000] "GET /api/entities/get-connections/undefined" 500  
 Error: {"message":"Cast to ObjectId failed for value \"undefined\" (type string) at path \"_id\" for model \"client\"","stack":"CastError: Cast to ObjectId failed for value \"undefined\" (type string) at path \"_id\" for model \"client\"\n    at SchemaObjectId.cast (/home/jasir/Dibolky/backend/node_modules/mongoose/lib/schema/objectId.js:250:11)\n    at SchemaObjectId.SchemaType.applySetters (/home/jasir/Dibolky/backend/node_modules/mongoose/lib/schemaType.js:1255:12)\n    at SchemaObjectId.SchemaType.castForQuery (/home/jasir/Dibolky/backend/node_modules/mongoose/lib/schemaType.js:1673:17)\n    at cast (/home/jasir/Dibolky/backend/node_modules/mongoose/lib/cast.js:390:32)\n    at model.Query.Query.cast (/home/jasir/Dibolky/backend/node_modules/mongoose/lib/query.js:4889:12)\n    at model.Query.Query._castConditions (/home/jasir/Dibolky/backend/node_modules/mongoose/lib/query.js:2306:10)\n    at model.Query._findOne (/home/jasir/Dibolky/backend/node_modules/mongoose/lib/query.js:2630:8)\n    at model.Query.exec (/home/jasir/Dibolky/backend/node_modules/mongoose/lib/query.js:4438:80)\n    at processTicksAndRejections (node:internal/process/task_queues:105:5)","timestamp":"2025-03-12T19:45:03.626Z"} ms 
 

::1 - - [12/Mar/2025:19:45:07 +0000] "GET /api/entities/get-connections/undefined" 500  
 Error: {"message":"Cast to ObjectId failed for value \"undefined\" (type string) at path \"_id\" for model \"client\"","stack":"CastError: Cast to ObjectId failed for value \"undefined\" (type string) at path \"_id\" for model \"client\"\n    at SchemaObjectId.cast (/home/jasir/Dibolky/backend/node_modules/mongoose/lib/schema/objectId.js:250:11)\n    at SchemaObjectId.SchemaType.applySetters (/home/jasir/Dibolky/backend/node_modules/mongoose/lib/schemaType.js:1255:12)\n    at SchemaObjectId.SchemaType.castForQuery (/home/jasir/Dibolky/backend/node_modules/mongoose/lib/schemaType.js:1673:17)\n    at cast (/home/jasir/Dibolky/backend/node_modules/mongoose/lib/cast.js:390:32)\n    at model.Query.Query.cast (/home/jasir/Dibolky/backend/node_modules/mongoose/lib/query.js:4889:12)\n    at model.Query.Query._castConditions (/home/jasir/Dibolky/backend/node_modules/mongoose/lib/query.js:2306:10)\n    at model.Query._findOne (/home/jasir/Dibolky/backend/node_modules/mongoose/lib/query.js:2630:8)\n    at model.Query.exec (/home/jasir/Dibolky/backend/node_modules/mongoose/lib/query.js:4438:80)\n    at processTicksAndRejections (node:internal/process/task_queues:105:5)","timestamp":"2025-03-12T19:45:07.701Z"} ms 
 

::1 - - [12/Mar/2025:19:45:09 +0000] "GET /api/entities/get-connections/undefined" 500  
 Error: {"message":"Cast to ObjectId failed for value \"undefined\" (type string) at path \"_id\" for model \"client\"","stack":"CastError: Cast to ObjectId failed for value \"undefined\" (type string) at path \"_id\" for model \"client\"\n    at SchemaObjectId.cast (/home/jasir/Dibolky/backend/node_modules/mongoose/lib/schema/objectId.js:250:11)\n    at SchemaObjectId.SchemaType.applySetters (/home/jasir/Dibolky/backend/node_modules/mongoose/lib/schemaType.js:1255:12)\n    at SchemaObjectId.SchemaType.castForQuery (/home/jasir/Dibolky/backend/node_modules/mongoose/lib/schemaType.js:1673:17)\n    at cast (/home/jasir/Dibolky/backend/node_modules/mongoose/lib/cast.js:390:32)\n    at model.Query.Query.cast (/home/jasir/Dibolky/backend/node_modules/mongoose/lib/query.js:4889:12)\n    at model.Query.Query._castConditions (/home/jasir/Dibolky/backend/node_modules/mongoose/lib/query.js:2306:10)\n    at model.Query._findOne (/home/jasir/Dibolky/backend/node_modules/mongoose/lib/query.js:2630:8)\n    at model.Query.exec (/home/jasir/Dibolky/backend/node_modules/mongoose/lib/query.js:4438:80)\n    at processTicksAndRejections (node:internal/process/task_queues:105:5)","timestamp":"2025-03-12T19:45:09.776Z"} ms 
 

::1 - - [12/Mar/2025:19:45:10 +0000] "GET /api/entities/get-connections//undefined" 404  
 Error: No error details ms 
 

::1 - - [12/Mar/2025:19:45:12 +0000] "GET /api/entities/get-connections/$/undefined" 404  
 Error: No error details ms 
 

::1 - - [12/Mar/2025:19:45:17 +0000] "GET /api/entities/get-connections/67ca6615911edc3c736154f2/undefined" 404  
 Error: No error details ms 
 

::1 - - [12/Mar/2025:19:45:54 +0000] "GET /api/entities/get-connections/67ca6615911edc3c736154f2/undefined" 500  
 Error: {"message":"Cast to ObjectId failed for value \"undefined\" (type string) at path \"_id\" for model \"client\"","stack":"CastError: Cast to ObjectId failed for value \"undefined\" (type string) at path \"_id\" for model \"client\"\n    at SchemaObjectId.cast (/home/jasir/Dibolky/backend/node_modules/mongoose/lib/schema/objectId.js:250:11)\n    at SchemaObjectId.SchemaType.applySetters (/home/jasir/Dibolky/backend/node_modules/mongoose/lib/schemaType.js:1255:12)\n    at SchemaObjectId.SchemaType.castForQuery (/home/jasir/Dibolky/backend/node_modules/mongoose/lib/schemaType.js:1673:17)\n    at cast (/home/jasir/Dibolky/backend/node_modules/mongoose/lib/cast.js:390:32)\n    at model.Query.Query.cast (/home/jasir/Dibolky/backend/node_modules/mongoose/lib/query.js:4889:12)\n    at model.Query.Query._castConditions (/home/jasir/Dibolky/backend/node_modules/mongoose/lib/query.js:2306:10)\n    at model.Query._findOne (/home/jasir/Dibolky/backend/node_modules/mongoose/lib/query.js:2630:8)\n    at model.Query.exec (/home/jasir/Dibolky/backend/node_modules/mongoose/lib/query.js:4438:80)\n    at processTicksAndRejections (node:internal/process/task_queues:105:5)","timestamp":"2025-03-12T19:45:54.629Z"} ms 
 

::1 - - [13/Mar/2025:03:42:41 +0000] "GET /api/entities/get-connections/agency/67ca6615911edc3c736154f2" 500  
 Error: {"message":"fetch failed","stack":"TypeError: fetch failed\n    at node:internal/deps/undici/undici:13484:13\n    at processTicksAndRejections (node:internal/process/task_queues:105:5)","timestamp":"2025-03-13T03:42:41.489Z"} ms 
 

::1 - - [13/Mar/2025:03:42:43 +0000] "GET /api/entities/get-connections/agency/67ca6615911edc3c736154f2" 500  
 Error: {"message":"fetch failed","stack":"TypeError: fetch failed\n    at node:internal/deps/undici/undici:13484:13\n    at processTicksAndRejections (node:internal/process/task_queues:105:5)","timestamp":"2025-03-13T03:42:43.407Z"} ms 
 

::1 - - [13/Mar/2025:03:42:49 +0000] "GET /api/entities/get-connections/agency/67ca6615911edc3c736154f2" 500  
 Error: {"message":"fetch failed","stack":"TypeError: fetch failed\n    at node:internal/deps/undici/undici:13484:13\n    at processTicksAndRejections (node:internal/process/task_queues:105:5)","timestamp":"2025-03-13T03:42:49.735Z"} ms 
 

::1 - - [13/Mar/2025:03:42:55 +0000] "GET /api/entities/get-connections/agency/67ca6615911edc3c736154f2" 500  
 Error: {"message":"fetch failed","stack":"TypeError: fetch failed\n    at node:internal/deps/undici/undici:13484:13\n    at processTicksAndRejections (node:internal/process/task_queues:105:5)","timestamp":"2025-03-13T03:42:55.030Z"} ms 
 

::1 - - [13/Mar/2025:03:59:23 +0000] "POST /api/entities/save-platform-token/agency/instagram/agency" 500  
 Error: {"message":"Error exchanging token: fetch failed","stack":"Error: Error exchanging token: fetch failed\n    at /home/jasir/Dibolky/backend/src/provider.strategies/instagram.strategy.ts:54:15\n    at Generator.throw (<anonymous>)\n    at rejected (/home/jasir/Dibolky/backend/src/provider.strategies/instagram.strategy.ts:6:65)\n    at processTicksAndRejections (node:internal/process/task_queues:105:5)","timestamp":"2025-03-13T03:59:23.572Z"} ms 
 

::1 - - [13/Mar/2025:04:17:36 +0000] "GET /api/entities/get-connections/agency/67ca6615911edc3c736154f2" 500  
 Error: {"message":"fetch failed","stack":"TypeError: fetch failed\n    at node:internal/deps/undici/undici:13484:13\n    at processTicksAndRejections (node:internal/process/task_queues:105:5)","timestamp":"2025-03-13T04:17:36.991Z"} ms 
 

::1 - - [13/Mar/2025:04:17:38 +0000] "GET /api/entities/get-connections/agency/67ca6615911edc3c736154f2" 500  
 Error: {"message":"fetch failed","stack":"TypeError: fetch failed\n    at node:internal/deps/undici/undici:13484:13\n    at processTicksAndRejections (node:internal/process/task_queues:105:5)","timestamp":"2025-03-13T04:17:38.807Z"} ms 
 

::1 - - [13/Mar/2025:04:17:48 +0000] "GET /api/entities/get-connections/agency/67ca6615911edc3c736154f2" 500  
 Error: {"message":"fetch failed","stack":"TypeError: fetch failed\n    at node:internal/deps/undici/undici:13484:13\n    at processTicksAndRejections (node:internal/process/task_queues:105:5)","timestamp":"2025-03-13T04:17:48.081Z"} ms 
 

::1 - - [13/Mar/2025:04:17:51 +0000] "GET /api/entities/get-connections/agency/67ca6615911edc3c736154f2" 500  
 Error: {"message":"fetch failed","stack":"TypeError: fetch failed\n    at node:internal/deps/undici/undici:13484:13\n    at processTicksAndRejections (node:internal/process/task_queues:105:5)","timestamp":"2025-03-13T04:17:51.304Z"} ms 
 

::1 - - [13/Mar/2025:04:17:54 +0000] "GET /api/entities/get-connections/agency/67ca6615911edc3c736154f2" 500  
 Error: {"message":"fetch failed","stack":"TypeError: fetch failed\n    at node:internal/deps/undici/undici:13484:13\n    at processTicksAndRejections (node:internal/process/task_queues:105:5)","timestamp":"2025-03-13T04:17:54.729Z"} ms 
 

::1 - - [13/Mar/2025:04:21:14 +0000] "GET /api/entities/get-connections/agency/67ca6615911edc3c736154f2" 500  
 Error: {"message":"fetch failed","stack":"TypeError: fetch failed\n    at node:internal/deps/undici/undici:13484:13\n    at processTicksAndRejections (node:internal/process/task_queues:105:5)","timestamp":"2025-03-13T04:21:14.900Z"} ms 
 

::1 - - [13/Mar/2025:04:21:18 +0000] "GET /api/entities/get-connections/agency/67ca6615911edc3c736154f2" 500  
 Error: {"message":"fetch failed","stack":"TypeError: fetch failed\n    at node:internal/deps/undici/undici:13484:13\n    at processTicksAndRejections (node:internal/process/task_queues:105:5)","timestamp":"2025-03-13T04:21:18.046Z"} ms 
 

::1 - - [13/Mar/2025:04:21:21 +0000] "GET /api/entities/get-connections/agency/67ca6615911edc3c736154f2" 500  
 Error: {"message":"fetch failed","stack":"TypeError: fetch failed\n    at node:internal/deps/undici/undici:13484:13\n    at processTicksAndRejections (node:internal/process/task_queues:105:5)","timestamp":"2025-03-13T04:21:21.172Z"} ms 
 

::1 - - [13/Mar/2025:04:21:26 +0000] "GET /api/entities/get-connections/agency/67ca6615911edc3c736154f2" 500  
 Error: {"message":"fetch failed","stack":"TypeError: fetch failed\n    at node:internal/deps/undici/undici:13484:13\n    at processTicksAndRejections (node:internal/process/task_queues:105:5)","timestamp":"2025-03-13T04:21:26.070Z"} ms 
 

::1 - - [13/Mar/2025:04:24:54 +0000] "GET /api/entities/get-connections/agency/67ca6615911edc3c736154f2" 500  
 Error: {"message":"fetch failed","stack":"TypeError: fetch failed\n    at node:internal/deps/undici/undici:13484:13\n    at processTicksAndRejections (node:internal/process/task_queues:105:5)","timestamp":"2025-03-13T04:24:54.608Z"} ms 
 

::1 - - [13/Mar/2025:06:04:08 +0000] "GET /api/agency/" 500  
 Error: {"message":"Cannot set properties of undefined (setting 'role')","stack":"TypeError: Cannot set properties of undefined (setting 'role')\n    at /home/jasir/Dibolky/backend/src/middlewares/token.middleware.ts:77:26\n    at Generator.next (<anonymous>)\n    at fulfilled (/home/jasir/Dibolky/backend/src/middlewares/token.middleware.ts:5:58)\n    at processTicksAndRejections (node:internal/process/task_queues:105:5)","timestamp":"2025-03-13T06:04:08.096Z"} ms 
 

::1 - - [13/Mar/2025:10:54:40 +0000] "GET /api/influencer/" 404  
 Error: No error details ms 
 

::1 - - [13/Mar/2025:10:54:40 +0000] "GET /api/influencer/" 404  
 Error: No error details ms 
 

::1 - - [13/Mar/2025:10:54:49 +0000] "POST /api/auth/login" 500  
 Error: {"message":"Invalid role specified","stack":"Error: Invalid role specified\n    at AuthenticationController.<anonymous> (/home/jasir/Dibolky/backend/src/controllers/Implementation/authentication.controller.ts:73:27)\n    at Generator.next (<anonymous>)\n    at /home/jasir/Dibolky/backend/src/controllers/Implementation/authentication.controller.ts:20:71\n    at new Promise (<anonymous>)\n    at __awaiter (/home/jasir/Dibolky/backend/src/controllers/Implementation/authentication.controller.ts:16:12)\n    at AuthenticationController.login (/home/jasir/Dibolky/backend/src/controllers/Implementation/authentication.controller.ts:50:16)\n    at /home/jasir/Dibolky/backend/src/routes/authentication.routes.ts:12:65\n    at Layer.handle [as handle_request] (/home/jasir/Dibolky/backend/node_modules/express/lib/router/layer.js:95:5)\n    at next (/home/jasir/Dibolky/backend/node_modules/express/lib/router/route.js:149:13)\n    at Route.dispatch (/home/jasir/Dibolky/backend/node_modules/express/lib/router/route.js:119:3)","timestamp":"2025-03-13T10:54:49.371Z"} ms 
 

::1 - - [13/Mar/2025:10:56:22 +0000] "GET /api/influencer/" 404  
 Error: No error details ms 
 

::1 - - [13/Mar/2025:10:56:22 +0000] "GET /api/influencer/" 404  
 Error: No error details ms 
 

::1 - - [13/Mar/2025:11:00:05 +0000] "GET /api/influencer/" 404  
 Error: No error details ms 
 

::1 - - [13/Mar/2025:11:00:05 +0000] "GET /api/influencer/" 404  
 Error: No error details ms 
 

::1 - - [13/Mar/2025:11:00:57 +0000] "GET /api/influencer/" 404  
 Error: No error details ms 
 

::1 - - [13/Mar/2025:11:00:57 +0000] "GET /api/influencer/" 404  
 Error: No error details ms 
 

::1 - - [13/Mar/2025:11:01:19 +0000] "GET /api/influencer/" 404  
 Error: No error details ms 
 

::1 - - [13/Mar/2025:11:01:19 +0000] "GET /api/influencer/" 404  
 Error: No error details ms 
 

::1 - - [13/Mar/2025:11:01:24 +0000] "GET /api/influencer/" 404  
 Error: No error details ms 
 

::1 - - [13/Mar/2025:11:01:24 +0000] "GET /api/influencer/" 404  
 Error: No error details ms 
 

::1 - - [13/Mar/2025:11:02:46 +0000] "GET /api/agency/" 401  
 Error: {"message":"Access Denied","stack":"Error: Access Denied\n    at /home/jasir/Dibolky/backend/src/middlewares/token.middleware.ts:41:44\n    at Generator.next (<anonymous>)\n    at /home/jasir/Dibolky/backend/src/middlewares/token.middleware.ts:8:71\n    at new Promise (<anonymous>)\n    at __awaiter (/home/jasir/Dibolky/backend/src/middlewares/token.middleware.ts:4:12)\n    at TokenMiddleWare (/home/jasir/Dibolky/backend/src/middlewares/token.middleware.ts:34:20)\n    at Layer.handle [as handle_request] (/home/jasir/Dibolky/backend/node_modules/express/lib/router/layer.js:95:5)\n    at trim_prefix (/home/jasir/Dibolky/backend/node_modules/express/lib/router/index.js:328:13)\n    at /home/jasir/Dibolky/backend/node_modules/express/lib/router/index.js:286:9\n    at Function.process_params (/home/jasir/Dibolky/backend/node_modules/express/lib/router/index.js:346:12)","timestamp":"2025-03-13T11:02:46.501Z"} ms 
 

::1 - - [13/Mar/2025:11:02:46 +0000] "GET /api/agency/" 401  
 Error: {"message":"Access Denied","stack":"Error: Access Denied\n    at /home/jasir/Dibolky/backend/src/middlewares/token.middleware.ts:41:44\n    at Generator.next (<anonymous>)\n    at /home/jasir/Dibolky/backend/src/middlewares/token.middleware.ts:8:71\n    at new Promise (<anonymous>)\n    at __awaiter (/home/jasir/Dibolky/backend/src/middlewares/token.middleware.ts:4:12)\n    at TokenMiddleWare (/home/jasir/Dibolky/backend/src/middlewares/token.middleware.ts:34:20)\n    at Layer.handle [as handle_request] (/home/jasir/Dibolky/backend/node_modules/express/lib/router/layer.js:95:5)\n    at trim_prefix (/home/jasir/Dibolky/backend/node_modules/express/lib/router/index.js:328:13)\n    at /home/jasir/Dibolky/backend/node_modules/express/lib/router/index.js:286:9\n    at Function.process_params (/home/jasir/Dibolky/backend/node_modules/express/lib/router/index.js:346:12)","timestamp":"2025-03-13T11:02:46.547Z"} ms 
 

::1 - - [13/Mar/2025:11:58:25 +0000] "GET /api/agency/" 401  
 Error: {"message":"Access Denied","stack":"Error: Access Denied\n    at /home/jasir/Dibolky/backend/src/middlewares/token.middleware.ts:41:44\n    at Generator.next (<anonymous>)\n    at /home/jasir/Dibolky/backend/src/middlewares/token.middleware.ts:8:71\n    at new Promise (<anonymous>)\n    at __awaiter (/home/jasir/Dibolky/backend/src/middlewares/token.middleware.ts:4:12)\n    at TokenMiddleWare (/home/jasir/Dibolky/backend/src/middlewares/token.middleware.ts:34:20)\n    at Layer.handle [as handle_request] (/home/jasir/Dibolky/backend/node_modules/express/lib/router/layer.js:95:5)\n    at trim_prefix (/home/jasir/Dibolky/backend/node_modules/express/lib/router/index.js:328:13)\n    at /home/jasir/Dibolky/backend/node_modules/express/lib/router/index.js:286:9\n    at Function.process_params (/home/jasir/Dibolky/backend/node_modules/express/lib/router/index.js:346:12)","timestamp":"2025-03-13T11:58:25.382Z"} ms 
 

::1 - - [13/Mar/2025:11:58:25 +0000] "GET /api/agency/" 401  
 Error: {"message":"Access Denied","stack":"Error: Access Denied\n    at /home/jasir/Dibolky/backend/src/middlewares/token.middleware.ts:41:44\n    at Generator.next (<anonymous>)\n    at /home/jasir/Dibolky/backend/src/middlewares/token.middleware.ts:8:71\n    at new Promise (<anonymous>)\n    at __awaiter (/home/jasir/Dibolky/backend/src/middlewares/token.middleware.ts:4:12)\n    at TokenMiddleWare (/home/jasir/Dibolky/backend/src/middlewares/token.middleware.ts:34:20)\n    at Layer.handle [as handle_request] (/home/jasir/Dibolky/backend/node_modules/express/lib/router/layer.js:95:5)\n    at trim_prefix (/home/jasir/Dibolky/backend/node_modules/express/lib/router/index.js:328:13)\n    at /home/jasir/Dibolky/backend/node_modules/express/lib/router/index.js:286:9\n    at Function.process_params (/home/jasir/Dibolky/backend/node_modules/express/lib/router/index.js:346:12)","timestamp":"2025-03-13T11:58:25.416Z"} ms 
 

::1 - - [13/Mar/2025:12:01:39 +0000] "GET /api/influencer/" 404  
 Error: No error details ms 
 

::1 - - [13/Mar/2025:12:01:39 +0000] "GET /api/influencer/" 404  
 Error: No error details ms 
 

::1 - - [13/Mar/2025:12:02:36 +0000] "GET /api/influencer/" 404  
 Error: No error details ms 
 

::1 - - [13/Mar/2025:12:02:36 +0000] "GET /api/influencer/" 404  
 Error: No error details ms 
 

::1 - - [13/Mar/2025:12:33:30 +0000] "GET /api/agency/" 500  
 Error: {"message":"Cannot set properties of undefined (setting 'role')","stack":"TypeError: Cannot set properties of undefined (setting 'role')\n    at /home/jasir/Dibolky/backend/src/middlewares/token.middleware.ts:77:26\n    at Generator.next (<anonymous>)\n    at fulfilled (/home/jasir/Dibolky/backend/src/middlewares/token.middleware.ts:5:58)\n    at processTicksAndRejections (node:internal/process/task_queues:105:5)","timestamp":"2025-03-13T12:33:30.986Z"} ms 
 

::1 - - [13/Mar/2025:12:33:31 +0000] "GET /api/agency/" 500  
 Error: {"message":"Cannot set properties of undefined (setting 'role')","stack":"TypeError: Cannot set properties of undefined (setting 'role')\n    at /home/jasir/Dibolky/backend/src/middlewares/token.middleware.ts:77:26\n    at Generator.next (<anonymous>)\n    at fulfilled (/home/jasir/Dibolky/backend/src/middlewares/token.middleware.ts:5:58)\n    at processTicksAndRejections (node:internal/process/task_queues:105:5)","timestamp":"2025-03-13T12:33:31.029Z"} ms 
 

::1 - - [13/Mar/2025:12:46:52 +0000] "GET /api/influencer/" 404  
 Error: No error details ms 
 

::1 - - [13/Mar/2025:12:46:52 +0000] "GET /api/influencer/" 404  
 Error: No error details ms 
 

::1 - - [13/Mar/2025:12:47:14 +0000] "GET /api/admin/" 401  
 Error: {"message":"Unauthorized access","stack":"Error: Unauthorized access\n    at /home/jasir/Dibolky/backend/src/middlewares/permissionGate.middleware.ts:11:15\n    at Generator.next (<anonymous>)\n    at /home/jasir/Dibolky/backend/src/middlewares/permissionGate.middleware.ts:8:71\n    at new Promise (<anonymous>)\n    at __awaiter (/home/jasir/Dibolky/backend/src/middlewares/permissionGate.middleware.ts:4:12)\n    at /home/jasir/Dibolky/backend/src/middlewares/permissionGate.middleware.ts:7:83\n    at Layer.handle [as handle_request] (/home/jasir/Dibolky/backend/node_modules/express/lib/router/layer.js:95:5)\n    at trim_prefix (/home/jasir/Dibolky/backend/node_modules/express/lib/router/index.js:328:13)\n    at /home/jasir/Dibolky/backend/node_modules/express/lib/router/index.js:286:9\n    at Function.process_params (/home/jasir/Dibolky/backend/node_modules/express/lib/router/index.js:346:12)","timestamp":"2025-03-13T12:47:14.344Z"} ms 
 

::1 - - [13/Mar/2025:12:47:14 +0000] "GET /api/admin/" 401  
 Error: {"message":"Unauthorized access","stack":"Error: Unauthorized access\n    at /home/jasir/Dibolky/backend/src/middlewares/permissionGate.middleware.ts:11:15\n    at Generator.next (<anonymous>)\n    at /home/jasir/Dibolky/backend/src/middlewares/permissionGate.middleware.ts:8:71\n    at new Promise (<anonymous>)\n    at __awaiter (/home/jasir/Dibolky/backend/src/middlewares/permissionGate.middleware.ts:4:12)\n    at /home/jasir/Dibolky/backend/src/middlewares/permissionGate.middleware.ts:7:83\n    at Layer.handle [as handle_request] (/home/jasir/Dibolky/backend/node_modules/express/lib/router/layer.js:95:5)\n    at trim_prefix (/home/jasir/Dibolky/backend/node_modules/express/lib/router/index.js:328:13)\n    at /home/jasir/Dibolky/backend/node_modules/express/lib/router/index.js:286:9\n    at Function.process_params (/home/jasir/Dibolky/backend/node_modules/express/lib/router/index.js:346:12)","timestamp":"2025-03-13T12:47:14.425Z"} ms 
 

::1 - - [13/Mar/2025:12:47:17 +0000] "POST /api/auth/login" 500  
 Error: {"message":"Invalid role specified","stack":"Error: Invalid role specified\n    at AuthenticationController.<anonymous> (/home/jasir/Dibolky/backend/src/controllers/Implementation/authentication.controller.ts:73:27)\n    at Generator.next (<anonymous>)\n    at /home/jasir/Dibolky/backend/src/controllers/Implementation/authentication.controller.ts:20:71\n    at new Promise (<anonymous>)\n    at __awaiter (/home/jasir/Dibolky/backend/src/controllers/Implementation/authentication.controller.ts:16:12)\n    at AuthenticationController.login (/home/jasir/Dibolky/backend/src/controllers/Implementation/authentication.controller.ts:50:16)\n    at /home/jasir/Dibolky/backend/src/routes/authentication.routes.ts:12:65\n    at Layer.handle [as handle_request] (/home/jasir/Dibolky/backend/node_modules/express/lib/router/layer.js:95:5)\n    at next (/home/jasir/Dibolky/backend/node_modules/express/lib/router/route.js:149:13)\n    at Route.dispatch (/home/jasir/Dibolky/backend/node_modules/express/lib/router/route.js:119:3)","timestamp":"2025-03-13T12:47:17.331Z"} ms 
 

::1 - - [13/Mar/2025:12:47:18 +0000] "POST /api/auth/login" 500  
 Error: {"message":"Invalid role specified","stack":"Error: Invalid role specified\n    at AuthenticationController.<anonymous> (/home/jasir/Dibolky/backend/src/controllers/Implementation/authentication.controller.ts:73:27)\n    at Generator.next (<anonymous>)\n    at /home/jasir/Dibolky/backend/src/controllers/Implementation/authentication.controller.ts:20:71\n    at new Promise (<anonymous>)\n    at __awaiter (/home/jasir/Dibolky/backend/src/controllers/Implementation/authentication.controller.ts:16:12)\n    at AuthenticationController.login (/home/jasir/Dibolky/backend/src/controllers/Implementation/authentication.controller.ts:50:16)\n    at /home/jasir/Dibolky/backend/src/routes/authentication.routes.ts:12:65\n    at Layer.handle [as handle_request] (/home/jasir/Dibolky/backend/node_modules/express/lib/router/layer.js:95:5)\n    at next (/home/jasir/Dibolky/backend/node_modules/express/lib/router/route.js:149:13)\n    at Route.dispatch (/home/jasir/Dibolky/backend/node_modules/express/lib/router/route.js:119:3)","timestamp":"2025-03-13T12:47:18.833Z"} ms 
 

::1 - - [13/Mar/2025:12:47:41 +0000] "POST /api/auth/login" 500  
 Error: {"message":"Invalid role specified","stack":"Error: Invalid role specified\n    at AuthenticationController.<anonymous> (/home/jasir/Dibolky/backend/src/controllers/Implementation/authentication.controller.ts:73:27)\n    at Generator.next (<anonymous>)\n    at /home/jasir/Dibolky/backend/src/controllers/Implementation/authentication.controller.ts:20:71\n    at new Promise (<anonymous>)\n    at __awaiter (/home/jasir/Dibolky/backend/src/controllers/Implementation/authentication.controller.ts:16:12)\n    at AuthenticationController.login (/home/jasir/Dibolky/backend/src/controllers/Implementation/authentication.controller.ts:50:16)\n    at /home/jasir/Dibolky/backend/src/routes/authentication.routes.ts:12:65\n    at Layer.handle [as handle_request] (/home/jasir/Dibolky/backend/node_modules/express/lib/router/layer.js:95:5)\n    at next (/home/jasir/Dibolky/backend/node_modules/express/lib/router/route.js:149:13)\n    at Route.dispatch (/home/jasir/Dibolky/backend/node_modules/express/lib/router/route.js:119:3)","timestamp":"2025-03-13T12:47:41.180Z"} ms 
 

::1 - - [13/Mar/2025:12:47:41 +0000] "POST /api/auth/login" 500  
 Error: {"message":"Invalid role specified","stack":"Error: Invalid role specified\n    at AuthenticationController.<anonymous> (/home/jasir/Dibolky/backend/src/controllers/Implementation/authentication.controller.ts:73:27)\n    at Generator.next (<anonymous>)\n    at /home/jasir/Dibolky/backend/src/controllers/Implementation/authentication.controller.ts:20:71\n    at new Promise (<anonymous>)\n    at __awaiter (/home/jasir/Dibolky/backend/src/controllers/Implementation/authentication.controller.ts:16:12)\n    at AuthenticationController.login (/home/jasir/Dibolky/backend/src/controllers/Implementation/authentication.controller.ts:50:16)\n    at /home/jasir/Dibolky/backend/src/routes/authentication.routes.ts:12:65\n    at Layer.handle [as handle_request] (/home/jasir/Dibolky/backend/node_modules/express/lib/router/layer.js:95:5)\n    at next (/home/jasir/Dibolky/backend/node_modules/express/lib/router/route.js:149:13)\n    at Route.dispatch (/home/jasir/Dibolky/backend/node_modules/express/lib/router/route.js:119:3)","timestamp":"2025-03-13T12:47:41.204Z"} ms 
 

::1 - - [13/Mar/2025:12:47:41 +0000] "POST /api/auth/login" 500  
 Error: {"message":"Invalid role specified","stack":"Error: Invalid role specified\n    at AuthenticationController.<anonymous> (/home/jasir/Dibolky/backend/src/controllers/Implementation/authentication.controller.ts:73:27)\n    at Generator.next (<anonymous>)\n    at /home/jasir/Dibolky/backend/src/controllers/Implementation/authentication.controller.ts:20:71\n    at new Promise (<anonymous>)\n    at __awaiter (/home/jasir/Dibolky/backend/src/controllers/Implementation/authentication.controller.ts:16:12)\n    at AuthenticationController.login (/home/jasir/Dibolky/backend/src/controllers/Implementation/authentication.controller.ts:50:16)\n    at /home/jasir/Dibolky/backend/src/routes/authentication.routes.ts:12:65\n    at Layer.handle [as handle_request] (/home/jasir/Dibolky/backend/node_modules/express/lib/router/layer.js:95:5)\n    at next (/home/jasir/Dibolky/backend/node_modules/express/lib/router/route.js:149:13)\n    at Route.dispatch (/home/jasir/Dibolky/backend/node_modules/express/lib/router/route.js:119:3)","timestamp":"2025-03-13T12:47:41.373Z"} ms 
 

::1 - - [13/Mar/2025:12:47:41 +0000] "POST /api/auth/login" 500  
 Error: {"message":"Invalid role specified","stack":"Error: Invalid role specified\n    at AuthenticationController.<anonymous> (/home/jasir/Dibolky/backend/src/controllers/Implementation/authentication.controller.ts:73:27)\n    at Generator.next (<anonymous>)\n    at /home/jasir/Dibolky/backend/src/controllers/Implementation/authentication.controller.ts:20:71\n    at new Promise (<anonymous>)\n    at __awaiter (/home/jasir/Dibolky/backend/src/controllers/Implementation/authentication.controller.ts:16:12)\n    at AuthenticationController.login (/home/jasir/Dibolky/backend/src/controllers/Implementation/authentication.controller.ts:50:16)\n    at /home/jasir/Dibolky/backend/src/routes/authentication.routes.ts:12:65\n    at Layer.handle [as handle_request] (/home/jasir/Dibolky/backend/node_modules/express/lib/router/layer.js:95:5)\n    at next (/home/jasir/Dibolky/backend/node_modules/express/lib/router/route.js:149:13)\n    at Route.dispatch (/home/jasir/Dibolky/backend/node_modules/express/lib/router/route.js:119:3)","timestamp":"2025-03-13T12:47:41.536Z"} ms 
 

::1 - - [13/Mar/2025:12:47:42 +0000] "POST /api/auth/login" 500  
 Error: {"message":"Invalid role specified","stack":"Error: Invalid role specified\n    at AuthenticationController.<anonymous> (/home/jasir/Dibolky/backend/src/controllers/Implementation/authentication.controller.ts:73:27)\n    at Generator.next (<anonymous>)\n    at /home/jasir/Dibolky/backend/src/controllers/Implementation/authentication.controller.ts:20:71\n    at new Promise (<anonymous>)\n    at __awaiter (/home/jasir/Dibolky/backend/src/controllers/Implementation/authentication.controller.ts:16:12)\n    at AuthenticationController.login (/home/jasir/Dibolky/backend/src/controllers/Implementation/authentication.controller.ts:50:16)\n    at /home/jasir/Dibolky/backend/src/routes/authentication.routes.ts:12:65\n    at Layer.handle [as handle_request] (/home/jasir/Dibolky/backend/node_modules/express/lib/router/layer.js:95:5)\n    at next (/home/jasir/Dibolky/backend/node_modules/express/lib/router/route.js:149:13)\n    at Route.dispatch (/home/jasir/Dibolky/backend/node_modules/express/lib/router/route.js:119:3)","timestamp":"2025-03-13T12:47:42.874Z"} ms 
 

::1 - - [13/Mar/2025:12:47:43 +0000] "POST /api/auth/login" 500  
 Error: {"message":"Invalid role specified","stack":"Error: Invalid role specified\n    at AuthenticationController.<anonymous> (/home/jasir/Dibolky/backend/src/controllers/Implementation/authentication.controller.ts:73:27)\n    at Generator.next (<anonymous>)\n    at /home/jasir/Dibolky/backend/src/controllers/Implementation/authentication.controller.ts:20:71\n    at new Promise (<anonymous>)\n    at __awaiter (/home/jasir/Dibolky/backend/src/controllers/Implementation/authentication.controller.ts:16:12)\n    at AuthenticationController.login (/home/jasir/Dibolky/backend/src/controllers/Implementation/authentication.controller.ts:50:16)\n    at /home/jasir/Dibolky/backend/src/routes/authentication.routes.ts:12:65\n    at Layer.handle [as handle_request] (/home/jasir/Dibolky/backend/node_modules/express/lib/router/layer.js:95:5)\n    at next (/home/jasir/Dibolky/backend/node_modules/express/lib/router/route.js:149:13)\n    at Route.dispatch (/home/jasir/Dibolky/backend/node_modules/express/lib/router/route.js:119:3)","timestamp":"2025-03-13T12:47:43.526Z"} ms 
 

::1 - - [13/Mar/2025:12:47:43 +0000] "POST /api/auth/login" 500  
 Error: {"message":"Invalid role specified","stack":"Error: Invalid role specified\n    at AuthenticationController.<anonymous> (/home/jasir/Dibolky/backend/src/controllers/Implementation/authentication.controller.ts:73:27)\n    at Generator.next (<anonymous>)\n    at /home/jasir/Dibolky/backend/src/controllers/Implementation/authentication.controller.ts:20:71\n    at new Promise (<anonymous>)\n    at __awaiter (/home/jasir/Dibolky/backend/src/controllers/Implementation/authentication.controller.ts:16:12)\n    at AuthenticationController.login (/home/jasir/Dibolky/backend/src/controllers/Implementation/authentication.controller.ts:50:16)\n    at /home/jasir/Dibolky/backend/src/routes/authentication.routes.ts:12:65\n    at Layer.handle [as handle_request] (/home/jasir/Dibolky/backend/node_modules/express/lib/router/layer.js:95:5)\n    at next (/home/jasir/Dibolky/backend/node_modules/express/lib/router/route.js:149:13)\n    at Route.dispatch (/home/jasir/Dibolky/backend/node_modules/express/lib/router/route.js:119:3)","timestamp":"2025-03-13T12:47:43.828Z"} ms 
 

::1 - - [13/Mar/2025:12:47:44 +0000] "POST /api/auth/login" 500  
 Error: {"message":"Invalid role specified","stack":"Error: Invalid role specified\n    at AuthenticationController.<anonymous> (/home/jasir/Dibolky/backend/src/controllers/Implementation/authentication.controller.ts:73:27)\n    at Generator.next (<anonymous>)\n    at /home/jasir/Dibolky/backend/src/controllers/Implementation/authentication.controller.ts:20:71\n    at new Promise (<anonymous>)\n    at __awaiter (/home/jasir/Dibolky/backend/src/controllers/Implementation/authentication.controller.ts:16:12)\n    at AuthenticationController.login (/home/jasir/Dibolky/backend/src/controllers/Implementation/authentication.controller.ts:50:16)\n    at /home/jasir/Dibolky/backend/src/routes/authentication.routes.ts:12:65\n    at Layer.handle [as handle_request] (/home/jasir/Dibolky/backend/node_modules/express/lib/router/layer.js:95:5)\n    at next (/home/jasir/Dibolky/backend/node_modules/express/lib/router/route.js:149:13)\n    at Route.dispatch (/home/jasir/Dibolky/backend/node_modules/express/lib/router/route.js:119:3)","timestamp":"2025-03-13T12:47:44.142Z"} ms 
 

::1 - - [13/Mar/2025:12:47:44 +0000] "POST /api/auth/login" 500  
 Error: {"message":"Invalid role specified","stack":"Error: Invalid role specified\n    at AuthenticationController.<anonymous> (/home/jasir/Dibolky/backend/src/controllers/Implementation/authentication.controller.ts:73:27)\n    at Generator.next (<anonymous>)\n    at /home/jasir/Dibolky/backend/src/controllers/Implementation/authentication.controller.ts:20:71\n    at new Promise (<anonymous>)\n    at __awaiter (/home/jasir/Dibolky/backend/src/controllers/Implementation/authentication.controller.ts:16:12)\n    at AuthenticationController.login (/home/jasir/Dibolky/backend/src/controllers/Implementation/authentication.controller.ts:50:16)\n    at /home/jasir/Dibolky/backend/src/routes/authentication.routes.ts:12:65\n    at Layer.handle [as handle_request] (/home/jasir/Dibolky/backend/node_modules/express/lib/router/layer.js:95:5)\n    at next (/home/jasir/Dibolky/backend/node_modules/express/lib/router/route.js:149:13)\n    at Route.dispatch (/home/jasir/Dibolky/backend/node_modules/express/lib/router/route.js:119:3)","timestamp":"2025-03-13T12:47:44.367Z"} ms 
 

::1 - - [13/Mar/2025:12:47:44 +0000] "POST /api/auth/login" 500  
 Error: {"message":"Invalid role specified","stack":"Error: Invalid role specified\n    at AuthenticationController.<anonymous> (/home/jasir/Dibolky/backend/src/controllers/Implementation/authentication.controller.ts:73:27)\n    at Generator.next (<anonymous>)\n    at /home/jasir/Dibolky/backend/src/controllers/Implementation/authentication.controller.ts:20:71\n    at new Promise (<anonymous>)\n    at __awaiter (/home/jasir/Dibolky/backend/src/controllers/Implementation/authentication.controller.ts:16:12)\n    at AuthenticationController.login (/home/jasir/Dibolky/backend/src/controllers/Implementation/authentication.controller.ts:50:16)\n    at /home/jasir/Dibolky/backend/src/routes/authentication.routes.ts:12:65\n    at Layer.handle [as handle_request] (/home/jasir/Dibolky/backend/node_modules/express/lib/router/layer.js:95:5)\n    at next (/home/jasir/Dibolky/backend/node_modules/express/lib/router/route.js:149:13)\n    at Route.dispatch (/home/jasir/Dibolky/backend/node_modules/express/lib/router/route.js:119:3)","timestamp":"2025-03-13T12:47:44.907Z"} ms 
 

::1 - - [13/Mar/2025:12:48:42 +0000] "GET /api/admin/" 500  
 Error: {"message":"Cannot set properties of undefined (setting 'role')","stack":"TypeError: Cannot set properties of undefined (setting 'role')\n    at /home/jasir/Dibolky/backend/src/middlewares/token.middleware.ts:77:26\n    at Generator.next (<anonymous>)\n    at fulfilled (/home/jasir/Dibolky/backend/src/middlewares/token.middleware.ts:5:58)\n    at processTicksAndRejections (node:internal/process/task_queues:105:5)","timestamp":"2025-03-13T12:48:42.301Z"} ms 
 

::1 - - [13/Mar/2025:12:48:42 +0000] "GET /api/admin/" 500  
 Error: {"message":"Cannot set properties of undefined (setting 'role')","stack":"TypeError: Cannot set properties of undefined (setting 'role')\n    at /home/jasir/Dibolky/backend/src/middlewares/token.middleware.ts:77:26\n    at Generator.next (<anonymous>)\n    at fulfilled (/home/jasir/Dibolky/backend/src/middlewares/token.middleware.ts:5:58)\n    at processTicksAndRejections (node:internal/process/task_queues:105:5)","timestamp":"2025-03-13T12:48:42.372Z"} ms 
 

::1 - - [13/Mar/2025:12:49:26 +0000] "GET /api/admin/" 500  
 Error: {"message":"Cannot set properties of undefined (setting 'role')","stack":"TypeError: Cannot set properties of undefined (setting 'role')\n    at /home/jasir/Dibolky/backend/src/middlewares/token.middleware.ts:77:26\n    at Generator.next (<anonymous>)\n    at fulfilled (/home/jasir/Dibolky/backend/src/middlewares/token.middleware.ts:5:58)\n    at processTicksAndRejections (node:internal/process/task_queues:105:5)","timestamp":"2025-03-13T12:49:26.684Z"} ms 
 

::1 - - [13/Mar/2025:12:49:26 +0000] "GET /api/admin/" 500  
 Error: {"message":"Cannot set properties of undefined (setting 'role')","stack":"TypeError: Cannot set properties of undefined (setting 'role')\n    at /home/jasir/Dibolky/backend/src/middlewares/token.middleware.ts:77:26\n    at Generator.next (<anonymous>)\n    at fulfilled (/home/jasir/Dibolky/backend/src/middlewares/token.middleware.ts:5:58)\n    at processTicksAndRejections (node:internal/process/task_queues:105:5)","timestamp":"2025-03-13T12:49:26.770Z"} ms 
 

::1 - - [13/Mar/2025:12:49:32 +0000] "GET /api/admin/" 500  
 Error: {"message":"Cannot set properties of undefined (setting 'role')","stack":"TypeError: Cannot set properties of undefined (setting 'role')\n    at /home/jasir/Dibolky/backend/src/middlewares/token.middleware.ts:77:26\n    at Generator.next (<anonymous>)\n    at fulfilled (/home/jasir/Dibolky/backend/src/middlewares/token.middleware.ts:5:58)\n    at processTicksAndRejections (node:internal/process/task_queues:105:5)","timestamp":"2025-03-13T12:49:32.258Z"} ms 
 

::1 - - [13/Mar/2025:12:49:32 +0000] "GET /api/admin/" 500  
 Error: {"message":"Cannot set properties of undefined (setting 'role')","stack":"TypeError: Cannot set properties of undefined (setting 'role')\n    at /home/jasir/Dibolky/backend/src/middlewares/token.middleware.ts:77:26\n    at Generator.next (<anonymous>)\n    at fulfilled (/home/jasir/Dibolky/backend/src/middlewares/token.middleware.ts:5:58)\n    at processTicksAndRejections (node:internal/process/task_queues:105:5)","timestamp":"2025-03-13T12:49:32.317Z"} ms 
 

::1 - - [13/Mar/2025:12:57:01 +0000] "GET /api/admin/" 500  
 Error: {"message":"Cannot set properties of undefined (setting 'role')","stack":"TypeError: Cannot set properties of undefined (setting 'role')\n    at /home/jasir/Dibolky/backend/src/middlewares/token.middleware.ts:77:26\n    at Generator.next (<anonymous>)\n    at fulfilled (/home/jasir/Dibolky/backend/src/middlewares/token.middleware.ts:5:58)\n    at processTicksAndRejections (node:internal/process/task_queues:105:5)","timestamp":"2025-03-13T12:57:01.331Z"} ms 
 

::1 - - [13/Mar/2025:12:57:01 +0000] "GET /api/admin/" 500  
 Error: {"message":"Cannot set properties of undefined (setting 'role')","stack":"TypeError: Cannot set properties of undefined (setting 'role')\n    at /home/jasir/Dibolky/backend/src/middlewares/token.middleware.ts:77:26\n    at Generator.next (<anonymous>)\n    at fulfilled (/home/jasir/Dibolky/backend/src/middlewares/token.middleware.ts:5:58)\n    at processTicksAndRejections (node:internal/process/task_queues:105:5)","timestamp":"2025-03-13T12:57:01.418Z"} ms 
 

::1 - - [13/Mar/2025:12:57:08 +0000] "GET /api/admin/" 500  
 Error: {"message":"Cannot set properties of undefined (setting 'role')","stack":"TypeError: Cannot set properties of undefined (setting 'role')\n    at /home/jasir/Dibolky/backend/src/middlewares/token.middleware.ts:77:26\n    at Generator.next (<anonymous>)\n    at fulfilled (/home/jasir/Dibolky/backend/src/middlewares/token.middleware.ts:5:58)\n    at processTicksAndRejections (node:internal/process/task_queues:105:5)","timestamp":"2025-03-13T12:57:08.110Z"} ms 
 

::1 - - [13/Mar/2025:12:57:08 +0000] "GET /api/admin/" 500  
 Error: {"message":"Cannot set properties of undefined (setting 'role')","stack":"TypeError: Cannot set properties of undefined (setting 'role')\n    at /home/jasir/Dibolky/backend/src/middlewares/token.middleware.ts:77:26\n    at Generator.next (<anonymous>)\n    at fulfilled (/home/jasir/Dibolky/backend/src/middlewares/token.middleware.ts:5:58)\n    at processTicksAndRejections (node:internal/process/task_queues:105:5)","timestamp":"2025-03-13T12:57:08.178Z"} ms 
 

::1 - - [13/Mar/2025:12:58:18 +0000] "GET /api/admin/" 500  
 Error: {"message":"Cannot set properties of undefined (setting 'role')","stack":"TypeError: Cannot set properties of undefined (setting 'role')\n    at /home/jasir/Dibolky/backend/src/middlewares/token.middleware.ts:77:26\n    at Generator.next (<anonymous>)\n    at fulfilled (/home/jasir/Dibolky/backend/src/middlewares/token.middleware.ts:5:58)\n    at processTicksAndRejections (node:internal/process/task_queues:105:5)","timestamp":"2025-03-13T12:58:18.055Z"} ms 
 

::1 - - [13/Mar/2025:12:58:18 +0000] "GET /api/admin/" 500  
 Error: {"message":"Cannot set properties of undefined (setting 'role')","stack":"TypeError: Cannot set properties of undefined (setting 'role')\n    at /home/jasir/Dibolky/backend/src/middlewares/token.middleware.ts:77:26\n    at Generator.next (<anonymous>)\n    at fulfilled (/home/jasir/Dibolky/backend/src/middlewares/token.middleware.ts:5:58)\n    at processTicksAndRejections (node:internal/process/task_queues:105:5)","timestamp":"2025-03-13T12:58:18.120Z"} ms 
 

::1 - - [13/Mar/2025:13:01:13 +0000] "GET /api/agency/" 500  
 Error: {"message":"Cannot set properties of undefined (setting 'role')","stack":"TypeError: Cannot set properties of undefined (setting 'role')\n    at /home/jasir/Dibolky/backend/src/middlewares/token.middleware.ts:77:26\n    at Generator.next (<anonymous>)\n    at fulfilled (/home/jasir/Dibolky/backend/src/middlewares/token.middleware.ts:5:58)\n    at processTicksAndRejections (node:internal/process/task_queues:105:5)","timestamp":"2025-03-13T13:01:13.723Z"} ms 
 

::1 - - [13/Mar/2025:13:01:13 +0000] "GET /api/agency/" 500  
 Error: {"message":"Cannot set properties of undefined (setting 'role')","stack":"TypeError: Cannot set properties of undefined (setting 'role')\n    at /home/jasir/Dibolky/backend/src/middlewares/token.middleware.ts:77:26\n    at Generator.next (<anonymous>)\n    at fulfilled (/home/jasir/Dibolky/backend/src/middlewares/token.middleware.ts:5:58)\n    at processTicksAndRejections (node:internal/process/task_queues:105:5)","timestamp":"2025-03-13T13:01:13.823Z"} ms 
 

::1 - - [13/Mar/2025:13:12:45 +0000] "GET /api/admin/" 500  
 Error: {"message":"Cannot set properties of undefined (setting 'role')","stack":"TypeError: Cannot set properties of undefined (setting 'role')\n    at /home/jasir/Dibolky/backend/src/middlewares/token.middleware.ts:77:26\n    at Generator.next (<anonymous>)\n    at fulfilled (/home/jasir/Dibolky/backend/src/middlewares/token.middleware.ts:5:58)\n    at processTicksAndRejections (node:internal/process/task_queues:105:5)","timestamp":"2025-03-13T13:12:45.217Z"} ms 
 

::1 - - [13/Mar/2025:13:12:45 +0000] "GET /api/admin/" 500  
 Error: {"message":"Cannot set properties of undefined (setting 'role')","stack":"TypeError: Cannot set properties of undefined (setting 'role')\n    at /home/jasir/Dibolky/backend/src/middlewares/token.middleware.ts:77:26\n    at Generator.next (<anonymous>)\n    at fulfilled (/home/jasir/Dibolky/backend/src/middlewares/token.middleware.ts:5:58)\n    at processTicksAndRejections (node:internal/process/task_queues:105:5)","timestamp":"2025-03-13T13:12:45.302Z"} ms 
 

::1 - - [13/Mar/2025:13:12:50 +0000] "GET /api/admin/" 500  
 Error: {"message":"Cannot set properties of undefined (setting 'role')","stack":"TypeError: Cannot set properties of undefined (setting 'role')\n    at /home/jasir/Dibolky/backend/src/middlewares/token.middleware.ts:77:26\n    at Generator.next (<anonymous>)\n    at fulfilled (/home/jasir/Dibolky/backend/src/middlewares/token.middleware.ts:5:58)\n    at processTicksAndRejections (node:internal/process/task_queues:105:5)","timestamp":"2025-03-13T13:12:50.441Z"} ms 
 

::1 - - [13/Mar/2025:13:12:50 +0000] "GET /api/admin/" 500  
 Error: {"message":"Cannot set properties of undefined (setting 'role')","stack":"TypeError: Cannot set properties of undefined (setting 'role')\n    at /home/jasir/Dibolky/backend/src/middlewares/token.middleware.ts:77:26\n    at Generator.next (<anonymous>)\n    at fulfilled (/home/jasir/Dibolky/backend/src/middlewares/token.middleware.ts:5:58)\n    at processTicksAndRejections (node:internal/process/task_queues:105:5)","timestamp":"2025-03-13T13:12:50.501Z"} ms 
 

::1 - - [13/Mar/2025:13:17:06 +0000] "GET /api/admin/" 401  
 Error: {"message":"Access Denied","stack":"Error: Access Denied\n    at /home/jasir/Dibolky/backend/src/middlewares/token.middleware.ts:42:44\n    at Generator.next (<anonymous>)\n    at /home/jasir/Dibolky/backend/src/middlewares/token.middleware.ts:8:71\n    at new Promise (<anonymous>)\n    at __awaiter (/home/jasir/Dibolky/backend/src/middlewares/token.middleware.ts:4:12)\n    at TokenMiddleWare (/home/jasir/Dibolky/backend/src/middlewares/token.middleware.ts:35:20)\n    at Layer.handle [as handle_request] (/home/jasir/Dibolky/backend/node_modules/express/lib/router/layer.js:95:5)\n    at trim_prefix (/home/jasir/Dibolky/backend/node_modules/express/lib/router/index.js:328:13)\n    at /home/jasir/Dibolky/backend/node_modules/express/lib/router/index.js:286:9\n    at Function.process_params (/home/jasir/Dibolky/backend/node_modules/express/lib/router/index.js:346:12)","timestamp":"2025-03-13T13:17:06.311Z"} ms 
 

::1 - - [13/Mar/2025:13:17:06 +0000] "GET /api/admin/" 401  
 Error: {"message":"Access Denied","stack":"Error: Access Denied\n    at /home/jasir/Dibolky/backend/src/middlewares/token.middleware.ts:42:44\n    at Generator.next (<anonymous>)\n    at /home/jasir/Dibolky/backend/src/middlewares/token.middleware.ts:8:71\n    at new Promise (<anonymous>)\n    at __awaiter (/home/jasir/Dibolky/backend/src/middlewares/token.middleware.ts:4:12)\n    at TokenMiddleWare (/home/jasir/Dibolky/backend/src/middlewares/token.middleware.ts:35:20)\n    at Layer.handle [as handle_request] (/home/jasir/Dibolky/backend/node_modules/express/lib/router/layer.js:95:5)\n    at trim_prefix (/home/jasir/Dibolky/backend/node_modules/express/lib/router/index.js:328:13)\n    at /home/jasir/Dibolky/backend/node_modules/express/lib/router/index.js:286:9\n    at Function.process_params (/home/jasir/Dibolky/backend/node_modules/express/lib/router/index.js:346:12)","timestamp":"2025-03-13T13:17:06.321Z"} ms 
 

::1 - - [13/Mar/2025:14:33:42 +0000] "POST /api/admin/create-plan" 500  
 Error: {"message":"Plan validation failed: menu.accounting: Path `menu.accounting` is required., menu.crm: Path `menu.crm` is required., validity: `Yearly` is not a valid enum value for path `validity`.","stack":"ValidationError: Plan validation failed: menu.accounting: Path `menu.accounting` is required., menu.crm: Path `menu.crm` is required., validity: `Yearly` is not a valid enum value for path `validity`.\n    at model.Document.invalidate (/home/jasir/Dibolky/backend/node_modules/mongoose/lib/document.js:3334:32)\n    at /home/jasir/Dibolky/backend/node_modules/mongoose/lib/document.js:3095:17\n    at /home/jasir/Dibolky/backend/node_modules/mongoose/lib/schema/subdocument.js:267:14\n    at /home/jasir/Dibolky/backend/node_modules/mongoose/lib/schemaType.js:1407:9\n    at processTicksAndRejections (node:internal/process/task_queues:85:11)","timestamp":"2025-03-13T14:33:42.765Z"} ms 
 

::1 - - [13/Mar/2025:14:35:49 +0000] "POST /api/admin/create-plan" 500  
 Error: {"message":"Plan validation failed: menu.accounting: Path `menu.accounting` is required.","stack":"ValidationError: Plan validation failed: menu.accounting: Path `menu.accounting` is required.\n    at model.Document.invalidate (/home/jasir/Dibolky/backend/node_modules/mongoose/lib/document.js:3334:32)\n    at /home/jasir/Dibolky/backend/node_modules/mongoose/lib/document.js:3095:17\n    at /home/jasir/Dibolky/backend/node_modules/mongoose/lib/schema/subdocument.js:267:14\n    at /home/jasir/Dibolky/backend/node_modules/mongoose/lib/schemaType.js:1407:9\n    at processTicksAndRejections (node:internal/process/task_queues:85:11)","timestamp":"2025-03-13T14:35:49.496Z"} ms 
 

::1 - - [13/Mar/2025:14:37:01 +0000] "POST /api/admin/create-plan" 500  
 Error: {"message":"Error While creating Plan","stack":"Error: Error While creating Plan\n    at AdminService.<anonymous> (/home/jasir/Dibolky/backend/src/services/Implementation/admin.service.ts:119:33)\n    at Generator.next (<anonymous>)\n    at fulfilled (/home/jasir/Dibolky/backend/src/services/Implementation/admin.service.ts:17:58)\n    at processTicksAndRejections (node:internal/process/task_queues:105:5)","timestamp":"2025-03-13T14:37:01.673Z"} ms 
 

::1 - - [13/Mar/2025:15:00:07 +0000] "POST /api/payment/razorpay" 500  
 Error: {"timestamp":"2025-03-13T15:00:07.974Z"} ms 
 

::1 - - [13/Mar/2025:15:00:46 +0000] "POST /api/payment/razorpay" 500  
 Error: {"timestamp":"2025-03-13T15:00:46.004Z"} ms 
 

